<?xml version="1.0" encoding="UTF-8"?>
<!-- Generated by org.testng.reporters.JUnitXMLReporter -->
<testsuite ignored="0" hostname="Deeps" failures="0" tests="5" name="DynamicAndFrames" time="41.443" errors="0" timestamp="2026-04-25T14:49:52 IST">
  <testcase classname="com.srm.framework.tests.DynamicTests" name="shouldFollowRedirect" time="6.168"/>
  <testcase classname="com.srm.framework.tests.DynamicTests" name="shouldInteractWithDynamicButton" time="3.53"/>
  <testcase classname="com.srm.framework.tests.FrameTests" name="shouldAccessIframeContent" time="18.44"/>
  <testcase classname="com.srm.framework.tests.FrameTests" name="shouldAccessNestedFrameContent" time="4.054"/>
  <testcase classname="com.srm.framework.tests.FrameTests" name="shouldReturnToDefaultContent" time="2.682"/>
</testsuite> <!-- DynamicAndFrames -->
