<?xml version="1.0" encoding="UTF-8"?>
<!-- Generated by org.testng.reporters.JUnitXMLReporter -->
<testsuite ignored="0" hostname="Deeps" failures="0" tests="5" name="HomeAndForms" time="44.419" errors="0" timestamp="2026-04-25T14:49:26 IST">
  <testcase classname="com.srm.framework.tests.HomeTest" name="verifyHomePage" time="3.323"/>
  <testcase classname="com.srm.framework.tests.FormTests" name="shouldHandleEmptyHtmlFormSubmission" time="4.357"/>
  <testcase classname="com.srm.framework.tests.FormTests" name="shouldSubmitHtmlFormWithValidData" time="9.725"/>
  <testcase classname="com.srm.framework.tests.FormTests" name="shouldSubmitHtmlFormWithValidData" time="9.901"/>
  <testcase classname="com.srm.framework.tests.FormTests" name="shouldValidateBoundaryValuesOnNumberForm" time="5.066"/>
</testsuite> <!-- HomeAndForms -->
