<?xml version="1.0" encoding="UTF-8"?>
<!-- Generated by org.testng.reporters.JUnitXMLReporter -->
<testsuite ignored="0" hostname="Deeps" failures="0" tests="6" name="TablesAndAlerts" time="29.247" errors="0" timestamp="2026-04-25T14:49:11 IST">
  <testcase classname="com.srm.framework.tests.TableTests" name="shouldDisplayStaticTableHeaders" time="3.158"/>
  <testcase classname="com.srm.framework.tests.TableTests" name="shouldRefreshDynamicTableRows" time="3.186"/>
  <testcase classname="com.srm.framework.tests.AlertTests" name="shouldAcceptAlert" time="3.174"/>
  <testcase classname="com.srm.framework.tests.AlertTests" name="shouldAcceptConfirm" time="2.518"/>
  <testcase classname="com.srm.framework.tests.AlertTests" name="shouldDismissConfirm" time="2.533"/>
  <testcase classname="com.srm.framework.tests.AlertTests" name="shouldSubmitPrompt" time="2.843"/>
</testsuite> <!-- TablesAndAlerts -->
