<?xml version="1.0" encoding="UTF-8"?>
<!-- Generated by org.testng.reporters.JUnitReportReporter -->
<testsuite hostname="Deeps" failures="0" tests="2" name="com.srm.framework.tests.TableTests" time="13.116" errors="0" timestamp="2026-04-25T14:49:53 IST" skipped="0">
  <testcase classname="com.srm.framework.tests.TableTests" name="shouldRefreshDynamicTableRows" time="5.254"/>
  <testcase classname="com.srm.framework.tests.TableTests" name="shouldDisplayStaticTableHeaders" time="7.862"/>
</testsuite> <!-- com.srm.framework.tests.TableTests -->
