<?xml version="1.0" encoding="UTF-8"?>
<!-- Generated by org.testng.reporters.JUnitReportReporter -->
<testsuite hostname="Deeps" failures="0" tests="4" name="com.srm.framework.tests.AlertTests" time="16.021" errors="0" timestamp="2026-04-25T14:49:53 IST" skipped="0">
  <testcase classname="com.srm.framework.tests.AlertTests" name="shouldDismissConfirm" time="3.791"/>
  <testcase classname="com.srm.framework.tests.AlertTests" name="shouldAcceptAlert" time="4.321"/>
  <testcase classname="com.srm.framework.tests.AlertTests" name="shouldAcceptConfirm" time="3.761"/>
  <testcase classname="com.srm.framework.tests.AlertTests" name="shouldSubmitPrompt" time="4.148"/>
</testsuite> <!-- com.srm.framework.tests.AlertTests -->
