<?xml version="1.0" encoding="UTF-8"?>
<!-- Generated by org.testng.reporters.JUnitReportReporter -->
<testsuite hostname="Deeps" failures="0" tests="4" name="com.srm.framework.tests.FormTests" time="35.630" errors="0" timestamp="2026-04-25T14:49:53 IST" skipped="0">
  <testcase classname="com.srm.framework.tests.FormTests" name="shouldHandleEmptyHtmlFormSubmission" time="6.261"/>
  <testcase classname="com.srm.framework.tests.FormTests" name="shouldValidateBoundaryValuesOnNumberForm" time="6.526"/>
  <testcase classname="com.srm.framework.tests.FormTests" name="shouldSubmitHtmlFormWithValidData" time="11.190"/>
  <testcase classname="com.srm.framework.tests.FormTests" name="shouldSubmitHtmlFormWithValidData" time="11.653"/>
</testsuite> <!-- com.srm.framework.tests.FormTests -->
