<?xml version="1.0" encoding="UTF-8"?>
<!-- Generated by org.testng.reporters.JUnitReportReporter -->
<testsuite hostname="Deeps" failures="0" tests="2" name="com.srm.framework.tests.DynamicTests" time="12.645" errors="0" timestamp="2026-04-25T14:49:53 IST" skipped="0">
  <testcase classname="com.srm.framework.tests.DynamicTests" name="shouldFollowRedirect" time="7.776"/>
  <testcase classname="com.srm.framework.tests.DynamicTests" name="shouldInteractWithDynamicButton" time="4.869"/>
</testsuite> <!-- com.srm.framework.tests.DynamicTests -->
