<?xml version="1.0" encoding="UTF-8"?>
<!-- Generated by org.testng.reporters.JUnitReportReporter -->
<testsuite hostname="Deeps" failures="0" tests="3" name="com.srm.framework.tests.FrameTests" time="28.789" errors="0" timestamp="2026-04-25T14:49:53 IST" skipped="0">
  <testcase classname="com.srm.framework.tests.FrameTests" name="shouldAccessIframeContent" time="19.593"/>
  <testcase classname="com.srm.framework.tests.FrameTests" name="shouldAccessNestedFrameContent" time="5.361"/>
  <testcase classname="com.srm.framework.tests.FrameTests" name="shouldReturnToDefaultContent" time="3.835"/>
</testsuite> <!-- com.srm.framework.tests.FrameTests -->
